<?xml version="1.0" encoding="UTF-8"?>
<!-- Generated by org.testng.reporters.JUnitReportReporter -->
<testsuite hostname="Vicky-PC" failures="0" tests="1" name="e_Commerce.Snapdeal" time="13.956" errors="0" timestamp="2023-08-26T14:33:53 IST" skipped="0">
  <testcase classname="e_Commerce.Snapdeal" name="SnapdealTest" time="13.956">
    <system-out>
      <![CDATA[Snapdeal opening in Browser]]>
    </system-out>
  </testcase> <!-- SnapdealTest -->
  <system-out>
    <![CDATA[Snapdeal opening in Browser]]>
  </system-out>
</testsuite> <!-- e_Commerce.Snapdeal -->
