<?xml version="1.0" encoding="UTF-8"?>
<!-- Generated by org.testng.reporters.JUnitReportReporter -->
<testsuite hostname="Vicky-PC" failures="0" tests="1" name="e_Commerce.Meesho" time="8.846" errors="0" timestamp="2023-08-26T12:17:46 IST" skipped="0">
  <testcase classname="e_Commerce.Meesho" name="MeeshoTest" time="8.846">
    <system-out>
      <![CDATA[Meesho opening in Browser]]>
    </system-out>
  </testcase> <!-- MeeshoTest -->
  <system-out>
    <![CDATA[Amazon opening in Browser
Ajio opening in Browser
Flipkart opening in Browser
Meesho opening in Browser]]>
  </system-out>
</testsuite> <!-- e_Commerce.Meesho -->
