<?xml version="1.0" encoding="UTF-8"?>
<!-- Generated by org.testng.reporters.JUnitReportReporter -->
<testsuite hostname="Vicky-PC" failures="0" tests="1" name="e_Commerce.Ajio" time="14.035" errors="0" timestamp="2023-08-26T12:48:11 IST" skipped="0">
  <testcase classname="e_Commerce.Ajio" name="AjioTest" time="14.035">
    <system-out>
      <![CDATA[Ajio opening in Browser]]>
    </system-out>
  </testcase> <!-- AjioTest -->
  <system-out>
    <![CDATA[Amazon opening in Browser
Ajio opening in Browser
Flipkart opening in Browser
Meesho opening in Browser]]>
  </system-out>
</testsuite> <!-- e_Commerce.Ajio -->
