<?xml version="1.0" encoding="UTF-8"?>
<!-- Generated by org.testng.reporters.JUnitReportReporter -->
<testsuite hostname="Vicky-PC" failures="0" tests="1" name="e_Commerce.Amazon" time="15.324" errors="0" timestamp="2023-08-26T12:48:11 IST" skipped="0">
  <testcase classname="e_Commerce.Amazon" name="AmazonTest" time="15.324">
    <system-out>
      <![CDATA[Amazon opening in Browser]]>
    </system-out>
  </testcase> <!-- AmazonTest -->
  <system-out>
    <![CDATA[Amazon opening in Browser
Ajio opening in Browser
Flipkart opening in Browser
Meesho opening in Browser]]>
  </system-out>
</testsuite> <!-- e_Commerce.Amazon -->
