<?xml version="1.0" encoding="UTF-8"?>
<!-- Generated by org.testng.reporters.JUnitReportReporter -->
<testsuite hostname="Vicky-PC" failures="0" tests="1" name="e_Commerce.Flipkart" time="6.760" errors="0" timestamp="2023-08-26T12:48:11 IST" skipped="0">
  <testcase classname="e_Commerce.Flipkart" name="FlipkartTest" time="6.760">
    <system-out>
      <![CDATA[Flipkart opening in Browser]]>
    </system-out>
  </testcase> <!-- FlipkartTest -->
  <system-out>
    <![CDATA[Amazon opening in Browser
Ajio opening in Browser
Flipkart opening in Browser
Meesho opening in Browser]]>
  </system-out>
</testsuite> <!-- e_Commerce.Flipkart -->
